[debug] [2024-04-10T18:02:28.188Z] ----------------------------------------------------------------------
[debug] [2024-04-10T18:02:28.189Z] Command:       C:\Program Files\nodejs\node.exe C:\Users\alexa\AppData\Roaming\npm\node_modules\firebase-tools\lib\bin\firebase.js deploy
[debug] [2024-04-10T18:02:28.191Z] CLI Version:   12.6.2
[debug] [2024-04-10T18:02:28.191Z] Platform:      win32
[debug] [2024-04-10T18:02:28.191Z] Node Version:  v18.18.0
[debug] [2024-04-10T18:02:28.192Z] Time:          Wed Apr 10 2024 13:02:28 GMT-0500 (Central Daylight Time)
[debug] [2024-04-10T18:02:28.192Z] ----------------------------------------------------------------------
[debug] 
[debug] [2024-04-10T18:02:28.250Z] > command requires scopes: ["email","openid","https://www.googleapis.com/auth/cloudplatformprojects.readonly","https://www.googleapis.com/auth/firebase","https://www.googleapis.com/auth/cloud-platform"]
[debug] [2024-04-10T18:02:28.251Z] > authorizing via signed-in user (alexandersindorf@gmail.com)
[debug] [2024-04-10T18:02:28.251Z] [iam] checking project betterbyscience for permissions ["firebase.projects.get","firebasehosting.sites.update"]
[debug] [2024-04-10T18:02:28.252Z] > refreshing access token with scopes: []
[debug] [2024-04-10T18:02:28.253Z] >>> [apiv2][query] POST https://www.googleapis.com/oauth2/v3/token [none]
[debug] [2024-04-10T18:02:28.253Z] >>> [apiv2][body] POST https://www.googleapis.com/oauth2/v3/token [omitted]
[debug] [2024-04-10T18:02:28.454Z] <<< [apiv2][status] POST https://www.googleapis.com/oauth2/v3/token 400
[debug] [2024-04-10T18:02:28.454Z] <<< [apiv2][body] POST https://www.googleapis.com/oauth2/v3/token [omitted]
[debug] [2024-04-10T18:02:28.454Z] >>> [apiv2][query] POST https://cloudresourcemanager.googleapis.com/v1/projects/betterbyscience:testIamPermissions [none]
[debug] [2024-04-10T18:02:28.454Z] >>> [apiv2][(partial)header] POST https://cloudresourcemanager.googleapis.com/v1/projects/betterbyscience:testIamPermissions x-goog-quota-user=projects/betterbyscience
[debug] [2024-04-10T18:02:28.455Z] >>> [apiv2][body] POST https://cloudresourcemanager.googleapis.com/v1/projects/betterbyscience:testIamPermissions {"permissions":["firebase.projects.get","firebasehosting.sites.update"]}
[debug] [2024-04-10T18:02:28.609Z] <<< [apiv2][status] POST https://cloudresourcemanager.googleapis.com/v1/projects/betterbyscience:testIamPermissions 401
[debug] [2024-04-10T18:02:28.609Z] <<< [apiv2][body] POST https://cloudresourcemanager.googleapis.com/v1/projects/betterbyscience:testIamPermissions {"error":{"code":401,"message":"Request had invalid authentication credentials. Expected OAuth 2 access token, login cookie or other valid authentication credential. See https://developers.google.com/identity/sign-in/web/devconsole-project.","status":"UNAUTHENTICATED","details":[{"@type":"type.googleapis.com/google.rpc.ErrorInfo","reason":"ACCESS_TOKEN_TYPE_UNSUPPORTED","metadata":{"service":"cloudresourcemanager.googleapis.com","method":"google.cloudresourcemanager.v1.Projects.TestIamPermissions"}}]}}
[debug] [2024-04-10T18:02:28.610Z] [iam] error while checking permissions, command may fail: FirebaseError: HTTP Error: 401, Request had invalid authentication credentials. Expected OAuth 2 access token, login cookie or other valid authentication credential. See https://developers.google.com/identity/sign-in/web/devconsole-project.
[debug] [2024-04-10T18:02:28.610Z] > refreshing access token with scopes: []
[debug] [2024-04-10T18:02:28.610Z] >>> [apiv2][query] POST https://www.googleapis.com/oauth2/v3/token [none]
[debug] [2024-04-10T18:02:28.610Z] >>> [apiv2][body] POST https://www.googleapis.com/oauth2/v3/token [omitted]
[debug] [2024-04-10T18:02:28.745Z] <<< [apiv2][status] POST https://www.googleapis.com/oauth2/v3/token 400
[debug] [2024-04-10T18:02:28.745Z] <<< [apiv2][body] POST https://www.googleapis.com/oauth2/v3/token [omitted]
[debug] [2024-04-10T18:02:28.745Z] >>> [apiv2][query] GET https://firebase.googleapis.com/v1beta1/projects/betterbyscience [none]
[debug] [2024-04-10T18:02:28.952Z] <<< [apiv2][status] GET https://firebase.googleapis.com/v1beta1/projects/betterbyscience 401
[debug] [2024-04-10T18:02:28.952Z] <<< [apiv2][body] GET https://firebase.googleapis.com/v1beta1/projects/betterbyscience {"error":{"code":401,"message":"Request had invalid authentication credentials. Expected OAuth 2 access token, login cookie or other valid authentication credential. See https://developers.google.com/identity/sign-in/web/devconsole-project.","status":"UNAUTHENTICATED"}}
[debug] [2024-04-10T18:02:28.952Z] HTTP Error: 401, Request had invalid authentication credentials. Expected OAuth 2 access token, login cookie or other valid authentication credential. See https://developers.google.com/identity/sign-in/web/devconsole-project.
[debug] [2024-04-10T18:02:28.953Z] FirebaseError: HTTP Error: 401, Request had invalid authentication credentials. Expected OAuth 2 access token, login cookie or other valid authentication credential. See https://developers.google.com/identity/sign-in/web/devconsole-project.
    at responseToError (C:\Users\alexa\AppData\Roaming\npm\node_modules\firebase-tools\lib\responseToError.js:49:12)
    at RetryOperation._fn (C:\Users\alexa\AppData\Roaming\npm\node_modules\firebase-tools\lib\apiv2.js:285:77)
    at process.processTicksAndRejections (node:internal/process/task_queues:95:5)
[error] 
[error] Error: Failed to get Firebase project betterbyscience. Please make sure the project exists and your account has permission to access it.
